<?xml version="1.0" encoding="UTF-8"?>
<!-- Generated by org.testng.reporters.JUnitReportReporter -->
<testsuite skipped="0" hostname="Anndy-PC" name="cn.AnndyTsal.PO.PO_simplify.Case.HomeTestCase1" tests="1" failures="0" timestamp="06 八月 2019 02:39:05 GMT" time="56.211" errors="0">
  <testcase name="case1" time="56.211" classname="cn.AnndyTsal.PO.PO_simplify.Case.HomeTestCase1"/>
</testsuite> <!-- cn.AnndyTsal.PO.PO_simplify.Case.HomeTestCase1 -->
